# JRE version: OpenJDK Runtime Environment (21.0.4) (build 21.0.4+-12508038-b607.1)
# Java VM: OpenJDK 64-Bit Server VM (21.0.4+-12508038-b607.1, mixed mode, tiered, compressed oops, compressed class ptrs, g1 gc, windows-amd64)
GC Precious Log:
 CardTable entry size: 512
 Card Set container configuration: InlinePtr #cards 5 size 8 Array Of Cards #cards 12 size 40 Howl #buckets 4 coarsen threshold 1843 Howl Bitmap #cards 512 size 80 coarsen threshold 460 Card regions per heap region 1 cards per card region 2048
 CPUs: 16 total, 16 available
 Memory: 7876M
 Large Page Support: Disabled
 NUMA Support: Disabled
 Compressed Oops: Enabled (32-bit)
 Heap Region Size: 1M
 Heap Min Capacity: 8M
 Heap Initial Capacity: 124M
 Heap Max Capacity: 2G
 Pre-touch: Disabled
 Parallel Workers: 13
 Concurrent Workers: 3
 Concurrent Refinement Workers: 13
 Periodic GC: Disabled
Heap:
 garbage-first heap   total 296960K, used 175164K [0x0000000080000000, 0x0000000100000000)
  region size 1024K, 33 young (33792K), 10 survivors (10240K)
 Metaspace       used 148512K, committed 150976K, reserved 1179648K
  class space    used 20440K, committed 21696K, reserved 1048576K
GC Heap History (20 events):
Event: 10.228 GC heap before
{Heap before GC invocations=46 (full 0):
 garbage-first heap   total 240640K, used 180687K [0x0000000080000000, 0x0000000100000000)
  region size 1024K, 43 young (44032K), 5 survivors (5120K)
 Metaspace       used 115768K, committed 118016K, reserved 1179648K
  class space    used 15604K, committed 16768K, reserved 1048576K
}
Event: 10.230 GC heap after
{Heap after GC invocations=47 (full 0):
 garbage-first heap   total 240640K, used 144683K [0x0000000080000000, 0x0000000100000000)
  region size 1024K, 4 young (4096K), 4 survivors (4096K)
 Metaspace       used 115768K, committed 118016K, reserved 1179648K
  class space    used 15604K, committed 16768K, reserved 1048576K
}
Event: 11.542 GC heap before
{Heap before GC invocations=47 (full 0):
 garbage-first heap   total 240640K, used 213291K [0x0000000080000000, 0x0000000100000000)
  region size 1024K, 72 young (73728K), 4 survivors (4096K)
 Metaspace       used 117490K, committed 119680K, reserved 1179648K
  class space    used 15806K, committed 16960K, reserved 1048576K
}
Event: 11.547 GC heap after
{Heap after GC invocations=48 (full 0):
 garbage-first heap   total 288768K, used 148648K [0x0000000080000000, 0x0000000100000000)
  region size 1024K, 9 young (9216K), 9 survivors (9216K)
 Metaspace       used 117490K, committed 119680K, reserved 1179648K
  class space    used 15806K, committed 16960K, reserved 1048576K
}
Event: 11.967 GC heap before
{Heap before GC invocations=48 (full 0):
 garbage-first heap   total 288768K, used 201896K [0x0000000080000000, 0x0000000100000000)
  region size 1024K, 63 young (64512K), 9 survivors (9216K)
 Metaspace       used 119646K, committed 121920K, reserved 1179648K
  class space    used 16059K, committed 17216K, reserved 1048576K
}
Event: 11.972 GC heap after
{Heap after GC invocations=49 (full 0):
 garbage-first heap   total 288768K, used 151936K [0x0000000080000000, 0x0000000100000000)
  region size 1024K, 6 young (6144K), 6 survivors (6144K)
 Metaspace       used 119646K, committed 121920K, reserved 1179648K
  class space    used 16059K, committed 17216K, reserved 1048576K
}
Event: 197.111 GC heap before
{Heap before GC invocations=50 (full 0):
 garbage-first heap   total 288768K, used 262528K [0x0000000080000000, 0x0000000100000000)
  region size 1024K, 110 young (112640K), 6 survivors (6144K)
 Metaspace       used 121355K, committed 123584K, reserved 1179648K
  class space    used 16236K, committed 17344K, reserved 1048576K
}
Event: 197.166 GC heap after
{Heap after GC invocations=51 (full 0):
 garbage-first heap   total 288768K, used 151402K [0x0000000080000000, 0x0000000100000000)
  region size 1024K, 13 young (13312K), 13 survivors (13312K)
 Metaspace       used 121355K, committed 123584K, reserved 1179648K
  class space    used 16236K, committed 17344K, reserved 1048576K
}
Event: 199.728 GC heap before
{Heap before GC invocations=51 (full 0):
 garbage-first heap   total 288768K, used 275306K [0x0000000080000000, 0x0000000100000000)
  region size 1024K, 118 young (120832K), 13 survivors (13312K)
 Metaspace       used 121841K, committed 124096K, reserved 1179648K
  class space    used 16270K, committed 17408K, reserved 1048576K
}
Event: 199.753 GC heap after
{Heap after GC invocations=52 (full 0):
 garbage-first heap   total 296960K, used 145662K [0x0000000080000000, 0x0000000100000000)
  region size 1024K, 6 young (6144K), 6 survivors (6144K)
 Metaspace       used 121841K, committed 124096K, reserved 1179648K
  class space    used 16270K, committed 17408K, reserved 1048576K
}
Event: 202.559 GC heap before
{Heap before GC invocations=52 (full 0):
 garbage-first heap   total 296960K, used 255230K [0x0000000080000000, 0x0000000100000000)
  region size 1024K, 115 young (117760K), 6 survivors (6144K)
 Metaspace       used 126996K, committed 129280K, reserved 1179648K
  class space    used 16891K, committed 18048K, reserved 1048576K
}
Event: 202.574 GC heap after
{Heap after GC invocations=53 (full 0):
 garbage-first heap   total 296960K, used 149126K [0x0000000080000000, 0x0000000100000000)
  region size 1024K, 9 young (9216K), 9 survivors (9216K)
 Metaspace       used 126996K, committed 129280K, reserved 1179648K
  class space    used 16891K, committed 18048K, reserved 1048576K
}
Event: 203.488 GC heap before
{Heap before GC invocations=54 (full 0):
 garbage-first heap   total 296960K, used 272006K [0x0000000080000000, 0x0000000100000000)
  region size 1024K, 129 young (132096K), 9 survivors (9216K)
 Metaspace       used 140208K, committed 142528K, reserved 1179648K
  class space    used 19070K, committed 20288K, reserved 1048576K
}
Event: 203.501 GC heap after
{Heap after GC invocations=55 (full 0):
 garbage-first heap   total 296960K, used 159020K [0x0000000080000000, 0x0000000100000000)
  region size 1024K, 17 young (17408K), 17 survivors (17408K)
 Metaspace       used 140208K, committed 142528K, reserved 1179648K
  class space    used 19070K, committed 20288K, reserved 1048576K
}
Event: 206.324 GC heap before
{Heap before GC invocations=55 (full 0):
 garbage-first heap   total 296960K, used 263468K [0x0000000080000000, 0x0000000100000000)
  region size 1024K, 119 young (121856K), 17 survivors (17408K)
 Metaspace       used 147510K, committed 149952K, reserved 1179648K
  class space    used 20335K, committed 21568K, reserved 1048576K
}
Event: 206.336 GC heap after
{Heap after GC invocations=56 (full 0):
 garbage-first heap   total 296960K, used 149163K [0x0000000080000000, 0x0000000100000000)
  region size 1024K, 9 young (9216K), 9 survivors (9216K)
 Metaspace       used 147510K, committed 149952K, reserved 1179648K
  class space    used 20335K, committed 21568K, reserved 1048576K
}
Event: 206.395 GC heap before
{Heap before GC invocations=56 (full 0):
 garbage-first heap   total 296960K, used 160427K [0x0000000080000000, 0x0000000100000000)
  region size 1024K, 22 young (22528K), 9 survivors (9216K)
 Metaspace       used 148066K, committed 150464K, reserved 1179648K
  class space    used 20431K, committed 21632K, reserved 1048576K
}
Event: 206.399 GC heap after
{Heap after GC invocations=57 (full 0):
 garbage-first heap   total 296960K, used 149246K [0x0000000080000000, 0x0000000100000000)
  region size 1024K, 9 young (9216K), 9 survivors (9216K)
 Metaspace       used 148066K, committed 150464K, reserved 1179648K
  class space    used 20431K, committed 21632K, reserved 1048576K
}
Event: 328.035 GC heap before
{Heap before GC invocations=58 (full 0):
 garbage-first heap   total 296960K, used 268030K [0x0000000080000000, 0x0000000100000000)
  region size 1024K, 112 young (114688K), 9 survivors (9216K)
 Metaspace       used 148489K, committed 150976K, reserved 1179648K
  class space    used 20440K, committed 21696K, reserved 1048576K
}
Event: 328.109 GC heap after
{Heap after GC invocations=59 (full 0):
 garbage-first heap   total 296960K, used 151612K [0x0000000080000000, 0x0000000100000000)
  region size 1024K, 10 young (10240K), 10 survivors (10240K)
 Metaspace       used 148489K, committed 150976K, reserved 1179648K
  class space    used 20440K, committed 21696K, reserved 1048576K
}

