# JRE version: OpenJDK Runtime Environment (21.0.4) (build 21.0.4+-12508038-b607.1)
# Java VM: OpenJDK 64-Bit Server VM (21.0.4+-12508038-b607.1, mixed mode, tiered, compressed oops, compressed class ptrs, g1 gc, windows-amd64)
GC Precious Log:
 CardTable entry size: 512
 Card Set container configuration: InlinePtr #cards 5 size 8 Array Of Cards #cards 12 size 40 Howl #buckets 4 coarsen threshold 1843 Howl Bitmap #cards 512 size 80 coarsen threshold 460 Card regions per heap region 1 cards per card region 2048
 CPUs: 16 total, 16 available
 Memory: 7876M
 Large Page Support: Disabled
 NUMA Support: Disabled
 Compressed Oops: Enabled (32-bit)
 Heap Region Size: 1M
 Heap Min Capacity: 8M
 Heap Initial Capacity: 124M
 Heap Max Capacity: 2G
 Pre-touch: Disabled
 Parallel Workers: 13
 Concurrent Workers: 3
 Concurrent Refinement Workers: 13
 Periodic GC: Disabled
Heap:
 garbage-first heap   total 439296K, used 302612K [0x0000000080000000, 0x0000000100000000)
  region size 1024K, 75 young (76800K), 4 survivors (4096K)
 Metaspace       used 171481K, committed 176832K, reserved 1245184K
  class space    used 22500K, committed 24576K, reserved 1048576K
GC Heap History (20 events):
Event: 1397.040 GC heap before
{Heap before GC invocations=89 (full 0):
 garbage-first heap   total 431104K, used 396288K [0x0000000080000000, 0x0000000100000000)
  region size 1024K, 151 young (154624K), 15 survivors (15360K)
 Metaspace       used 172721K, committed 175424K, reserved 1245184K
  class space    used 23141K, committed 24512K, reserved 1048576K
}
Event: 1397.059 GC heap after
{Heap after GC invocations=90 (full 0):
 garbage-first heap   total 431104K, used 256051K [0x0000000080000000, 0x0000000100000000)
  region size 1024K, 12 young (12288K), 12 survivors (12288K)
 Metaspace       used 172721K, committed 175424K, reserved 1245184K
  class space    used 23141K, committed 24512K, reserved 1048576K
}
Event: 1397.104 GC heap before
{Heap before GC invocations=90 (full 0):
 garbage-first heap   total 431104K, used 263219K [0x0000000080000000, 0x0000000100000000)
  region size 1024K, 21 young (21504K), 12 survivors (12288K)
 Metaspace       used 172735K, committed 175424K, reserved 1245184K
  class space    used 23141K, committed 24512K, reserved 1048576K
}
Event: 1397.109 GC heap after
{Heap after GC invocations=91 (full 0):
 garbage-first heap   total 431104K, used 250048K [0x0000000080000000, 0x0000000100000000)
  region size 1024K, 3 young (3072K), 3 survivors (3072K)
 Metaspace       used 172735K, committed 175424K, reserved 1245184K
  class space    used 23141K, committed 24512K, reserved 1048576K
}
Event: 1479.266 GC heap before
{Heap before GC invocations=92 (full 0):
 garbage-first heap   total 434176K, used 412864K [0x0000000080000000, 0x0000000100000000)
  region size 1024K, 154 young (157696K), 3 survivors (3072K)
 Metaspace       used 173163K, committed 175936K, reserved 1245184K
  class space    used 23148K, committed 24512K, reserved 1048576K
}
Event: 1479.296 GC heap after
{Heap after GC invocations=93 (full 0):
 garbage-first heap   total 434176K, used 255681K [0x0000000080000000, 0x0000000100000000)
  region size 1024K, 12 young (12288K), 12 survivors (12288K)
 Metaspace       used 173163K, committed 175936K, reserved 1245184K
  class space    used 23148K, committed 24512K, reserved 1048576K
}
Event: 1559.293 GC heap before
{Heap before GC invocations=93 (full 0):
 garbage-first heap   total 434176K, used 411329K [0x0000000080000000, 0x0000000100000000)
  region size 1024K, 152 young (155648K), 12 survivors (12288K)
 Metaspace       used 173326K, committed 176064K, reserved 1245184K
  class space    used 23153K, committed 24512K, reserved 1048576K
}
Event: 1559.361 GC heap after
{Heap after GC invocations=94 (full 0):
 garbage-first heap   total 438272K, used 247625K [0x0000000080000000, 0x0000000100000000)
  region size 1024K, 12 young (12288K), 12 survivors (12288K)
 Metaspace       used 173326K, committed 176064K, reserved 1245184K
  class space    used 23153K, committed 24512K, reserved 1048576K
}
Event: 1559.720 GC heap before
{Heap before GC invocations=94 (full 0):
 garbage-first heap   total 438272K, used 266057K [0x0000000080000000, 0x0000000100000000)
  region size 1024K, 32 young (32768K), 12 survivors (12288K)
 Metaspace       used 173385K, committed 176192K, reserved 1245184K
  class space    used 23154K, committed 24576K, reserved 1048576K
}
Event: 1559.738 GC heap after
{Heap after GC invocations=95 (full 0):
 garbage-first heap   total 438272K, used 249130K [0x0000000080000000, 0x0000000100000000)
  region size 1024K, 3 young (3072K), 3 survivors (3072K)
 Metaspace       used 173385K, committed 176192K, reserved 1245184K
  class space    used 23154K, committed 24576K, reserved 1048576K
}
Event: 1607.585 GC heap before
{Heap before GC invocations=96 (full 0):
 garbage-first heap   total 439296K, used 435498K [0x0000000080000000, 0x0000000100000000)
  region size 1024K, 161 young (164864K), 3 survivors (3072K)
 Metaspace       used 173630K, committed 176448K, reserved 1245184K
  class space    used 23157K, committed 24576K, reserved 1048576K
}
Event: 1607.591 GC heap after
{Heap after GC invocations=97 (full 0):
 garbage-first heap   total 439296K, used 246921K [0x0000000080000000, 0x0000000100000000)
  region size 1024K, 1 young (1024K), 1 survivors (1024K)
 Metaspace       used 173630K, committed 176448K, reserved 1245184K
  class space    used 23157K, committed 24576K, reserved 1048576K
}
Event: 2114.132 GC heap before
{Heap before GC invocations=97 (full 0):
 garbage-first heap   total 439296K, used 427145K [0x0000000080000000, 0x0000000100000000)
  region size 1024K, 165 young (168960K), 1 survivors (1024K)
 Metaspace       used 173928K, committed 176704K, reserved 1245184K
  class space    used 23161K, committed 24576K, reserved 1048576K
}
Event: 2114.270 GC heap after
{Heap after GC invocations=98 (full 0):
 garbage-first heap   total 439296K, used 236434K [0x0000000080000000, 0x0000000100000000)
  region size 1024K, 2 young (2048K), 2 survivors (2048K)
 Metaspace       used 173928K, committed 176704K, reserved 1245184K
  class space    used 23161K, committed 24576K, reserved 1048576K
}
Event: 2116.435 GC heap before
{Heap before GC invocations=98 (full 0):
 garbage-first heap   total 439296K, used 319378K [0x0000000080000000, 0x0000000100000000)
  region size 1024K, 85 young (87040K), 2 survivors (2048K)
 Metaspace       used 174014K, committed 176768K, reserved 1245184K
  class space    used 23162K, committed 24576K, reserved 1048576K
}
Event: 2116.460 GC heap after
{Heap after GC invocations=99 (full 0):
 garbage-first heap   total 439296K, used 244915K [0x0000000080000000, 0x0000000100000000)
  region size 1024K, 10 young (10240K), 10 survivors (10240K)
 Metaspace       used 174014K, committed 176768K, reserved 1245184K
  class space    used 23162K, committed 24576K, reserved 1048576K
}
Event: 2122.700 GC heap before
{Heap before GC invocations=100 (full 0):
 garbage-first heap   total 439296K, used 417971K [0x0000000080000000, 0x0000000100000000)
  region size 1024K, 167 young (171008K), 10 survivors (10240K)
 Metaspace       used 171289K, committed 176768K, reserved 1245184K
  class space    used 22494K, committed 24576K, reserved 1048576K
}
Event: 2122.720 GC heap after
{Heap after GC invocations=101 (full 0):
 garbage-first heap   total 439296K, used 243545K [0x0000000080000000, 0x0000000100000000)
  region size 1024K, 14 young (14336K), 14 survivors (14336K)
 Metaspace       used 171289K, committed 176768K, reserved 1245184K
  class space    used 22494K, committed 24576K, reserved 1048576K
}
Event: 2214.271 GC heap before
{Heap before GC invocations=101 (full 0):
 garbage-first heap   total 439296K, used 416601K [0x0000000080000000, 0x0000000100000000)
  region size 1024K, 169 young (173056K), 14 survivors (14336K)
 Metaspace       used 171391K, committed 176832K, reserved 1245184K
  class space    used 22497K, committed 24576K, reserved 1048576K
}
Event: 2214.454 GC heap after
{Heap after GC invocations=102 (full 0):
 garbage-first heap   total 439296K, used 229908K [0x0000000080000000, 0x0000000100000000)
  region size 1024K, 4 young (4096K), 4 survivors (4096K)
 Metaspace       used 171391K, committed 176832K, reserved 1245184K
  class space    used 22497K, committed 24576K, reserved 1048576K
}

